<?xml version="1.0" encoding="UTF-8"?>
<!-- Generated by org.testng.reporters.JUnitReportReporter -->
<testsuite hostname="DESKTOP-OLGBC71" failures="0" tests="1" name="com.test.LoginDemo" time="0.016" errors="0" timestamp="2024-09-01T00:10:55 IST" skipped="0">
  <testcase classname="com.test.LoginDemo" name="loginToAccount" time="0.016"/>
  <system-out/>
</testsuite> <!-- com.test.LoginDemo -->
